1536140203733	geckodriver	INFO	Listening on 127.0.0.1:54769
1536140204519	mozprofile::profile	INFO	Using profile path /tmp/rust_mozprofile.ZgCsOjRp61e6
1536140204521	geckodriver::marionette	INFO	Starting browser /usr/bin/firefox
1536140204537	geckodriver::marionette	INFO	Connecting to Marionette on localhost:56665
1536140217888	addons.xpi	WARN	Add-on formautofill@mozilla.org is not compatible with application version.
1536140217900	addons.xpi	WARN	Add-on formautofill@mozilla.org is not compatible with application version.
1536140217948	addons.xpi	WARN	Add-on screenshots@mozilla.org is not compatible with application version.
1536140217950	addons.xpi	WARN	Add-on screenshots@mozilla.org is not compatible with application version.
1536140217998	addons.xpi	WARN	Add-on activity-stream@mozilla.org is not compatible with application version.
1536140217998	addons.xpi	WARN	Add-on activity-stream@mozilla.org is not compatible with application version.
1536140218016	addons.xpi	WARN	Add-on onboarding@mozilla.org is not compatible with application version.
1536140218018	addons.xpi	WARN	Add-on onboarding@mozilla.org is not compatible with application version.
1536140218044	addons.xpi	WARN	Error loading bootstrap.js for formautofill@mozilla.org: ReferenceError: ChromeUtils is not defined (resource://gre/modules/addons/XPIProvider.jsm -> jar:file:///usr/lib/firefox/browser/features/formautofill@mozilla.org.xpi!/bootstrap.js:12:1) JS Stack trace: @resource://gre/modules/addons/XPIProvider.jsm -> jar:file:///usr/lib/firefox/browser/features/formautofill@bootstrap.js:12:1 < @XPIProvider.jsm:4820:1 < this.XPIProvider.loadBootstrapScope@XPIProvider.jsm:4820:7 < this.XPIProvider.callBootstrapMethod@XPIProvider.jsm:4899:9 < processFileChanges@XPIProviderUtils.js:2130:13 < this.XPIProvider.checkForChanges@XPIProvider.jsm:3826:34 < this.XPIProvider.startup@XPIProvider.jsm:2830:25 < callProvider@AddonManager.jsm:237:12 < _startProvider@AddonManager.jsm:790:5 < AddonManagerInternal.startup@AddonManager.jsm:976:9 < this.AddonManagerPrivate.startup@AddonManager.jsm:3033:5 < amManager.prototype.observe@addonManager.js:65:9
1536140218074	addons.xpi	WARN	Error loading bootstrap.js for followonsearch@mozilla.com: ReferenceError: ChromeUtils is not defined (resource://gre/modules/addons/XPIProvider.jsm -> jar:file:///usr/lib/firefox/browser/features/followonsearch@mozilla.com.xpi!/bootstrap.js:9:1) JS Stack trace: @resource://gre/modules/addons/XPIProvider.jsm -> jar:file:///usr/lib/firefox/browser/features/followonsearch@bootstrap.js:9:1 < @XPIProvider.jsm:4820:1 < this.XPIProvider.loadBootstrapScope@XPIProvider.jsm:4820:7 < this.XPIProvider.callBootstrapMethod@XPIProvider.jsm:4899:9 < processFileChanges@XPIProviderUtils.js:2130:13 < this.XPIProvider.checkForChanges@XPIProvider.jsm:3826:34 < this.XPIProvider.startup@XPIProvider.jsm:2830:25 < callProvider@AddonManager.jsm:237:12 < _startProvider@AddonManager.jsm:790:5 < AddonManagerInternal.startup@AddonManager.jsm:976:9 < this.AddonManagerPrivate.startup@AddonManager.jsm:3033:5 < amManager.prototype.observe@addonManager.js:65:9
1536140218080	addons.xpi	WARN	Error loading bootstrap.js for screenshots@mozilla.org: ReferenceError: ChromeUtils is not defined (resource://gre/modules/addons/XPIProvider.jsm -> jar:file:///usr/lib/firefox/browser/features/screenshots@mozilla.org.xpi!/bootstrap.js:10:1) JS Stack trace: @resource://gre/modules/addons/XPIProvider.jsm -> jar:file:///usr/lib/firefox/browser/features/screenshots@bootstrap.js:10:1 < @XPIProvider.jsm:4820:1 < this.XPIProvider.loadBootstrapScope@XPIProvider.jsm:4820:7 < this.XPIProvider.callBootstrapMethod@XPIProvider.jsm:4899:9 < processFileChanges@XPIProviderUtils.js:2130:13 < this.XPIProvider.checkForChanges@XPIProvider.jsm:3826:34 < this.XPIProvider.startup@XPIProvider.jsm:2830:25 < callProvider@AddonManager.jsm:237:12 < _startProvider@AddonManager.jsm:790:5 < AddonManagerInternal.startup@AddonManager.jsm:976:9 < this.AddonManagerPrivate.startup@AddonManager.jsm:3033:5 < amManager.prototype.observe@addonManager.js:65:9
1536140218088	addons.xpi	WARN	Error loading bootstrap.js for activity-stream@mozilla.org: ReferenceError: ChromeUtils is not defined (resource://gre/modules/addons/XPIProvider.jsm -> jar:file:///usr/lib/firefox/browser/features/activity-stream@mozilla.org.xpi!/bootstrap.js:6:1) JS Stack trace: @resource://gre/modules/addons/XPIProvider.jsm -> jar:file:///usr/lib/firefox/browser/features/activity-stream@bootstrap.js:6:1 < @XPIProvider.jsm:4820:1 < this.XPIProvider.loadBootstrapScope@XPIProvider.jsm:4820:7 < this.XPIProvider.callBootstrapMethod@XPIProvider.jsm:4899:9 < processFileChanges@XPIProviderUtils.js:2130:13 < this.XPIProvider.checkForChanges@XPIProvider.jsm:3826:34 < this.XPIProvider.startup@XPIProvider.jsm:2830:25 < callProvider@AddonManager.jsm:237:12 < _startProvider@AddonManager.jsm:790:5 < AddonManagerInternal.startup@AddonManager.jsm:976:9 < this.AddonManagerPrivate.startup@AddonManager.jsm:3033:5 < amManager.prototype.observe@addonManager.js:65:9
1536140218088	addons.xpi	WARN	Add-on activity-stream@mozilla.org is missing bootstrap method install
1536140218108	addons.xpi	WARN	Error loading bootstrap.js for onboarding@mozilla.org: ReferenceError: ChromeUtils is not defined (resource://gre/modules/addons/XPIProvider.jsm -> jar:file:///usr/lib/firefox/browser/features/onboarding@mozilla.org.xpi!/bootstrap.js:8:1) JS Stack trace: @resource://gre/modules/addons/XPIProvider.jsm -> jar:file:///usr/lib/firefox/browser/features/onboarding@bootstrap.js:8:1 < @XPIProvider.jsm:4820:1 < this.XPIProvider.loadBootstrapScope@XPIProvider.jsm:4820:7 < this.XPIProvider.callBootstrapMethod@XPIProvider.jsm:4899:9 < processFileChanges@XPIProviderUtils.js:2130:13 < this.XPIProvider.checkForChanges@XPIProvider.jsm:3826:34 < this.XPIProvider.startup@XPIProvider.jsm:2830:25 < callProvider@AddonManager.jsm:237:12 < _startProvider@AddonManager.jsm:790:5 < AddonManagerInternal.startup@AddonManager.jsm:976:9 < this.AddonManagerPrivate.startup@AddonManager.jsm:3033:5 < amManager.prototype.observe@addonManager.js:65:9
1536140218126	addons.xpi	WARN	Exception running bootstrap method startup on followonsearch@mozilla.com: TypeError: cohortManager is undefined (resource://gre/modules/addons/XPIProvider.jsm -> jar:file:///usr/lib/firefox/browser/features/followonsearch@mozilla.com.xpi!/bootstrap.js:167:3) JS Stack trace: startup@resource://gre/modules/addons/XPIProvider.jsm -> jar:file:///usr/lib/firefox/browser/features/followonsearch@bootstrap.js:167:3 < this.XPIProvider.callBootstrapMethod@XPIProvider.jsm:4968:9 < this.XPIProvider.startup@XPIProvider.jsm:2885:13 < callProvider@AddonManager.jsm:237:12 < _startProvider@AddonManager.jsm:790:5 < AddonManagerInternal.startup@AddonManager.jsm:976:9 < this.AddonManagerPrivate.startup@AddonManager.jsm:3033:5 < amManager.prototype.observe@addonManager.js:65:9
1536140218898	Marionette	INFO	Listening on port 56665
1536140219876	Marionette	WARN	TLS certificate errors will be ignored for this session
JavaScript error: http://www.baidu.com/, line 478: SyntaxError: illegal character
1536140258875	geckodriver	INFO	Listening on 127.0.0.1:47210
1536140259876	mozprofile::profile	INFO	Using profile path /tmp/rust_mozprofile.8J0ZbuiYg1Tl
1536140259878	geckodriver::marionette	INFO	Starting browser /usr/bin/firefox
1536140259882	geckodriver::marionette	INFO	Connecting to Marionette on localhost:36320
1536140270462	addons.xpi	WARN	Add-on formautofill@mozilla.org is not compatible with application version.
1536140270464	addons.xpi	WARN	Add-on formautofill@mozilla.org is not compatible with application version.
1536140270496	addons.xpi	WARN	Add-on screenshots@mozilla.org is not compatible with application version.
1536140270496	addons.xpi	WARN	Add-on screenshots@mozilla.org is not compatible with application version.
1536140270514	addons.xpi	WARN	Add-on activity-stream@mozilla.org is not compatible with application version.
1536140270514	addons.xpi	WARN	Add-on activity-stream@mozilla.org is not compatible with application version.
1536140270520	addons.xpi	WARN	Add-on onboarding@mozilla.org is not compatible with application version.
1536140270522	addons.xpi	WARN	Add-on onboarding@mozilla.org is not compatible with application version.
1536140270546	addons.xpi	WARN	Error loading bootstrap.js for formautofill@mozilla.org: ReferenceError: ChromeUtils is not defined (resource://gre/modules/addons/XPIProvider.jsm -> jar:file:///usr/lib/firefox/browser/features/formautofill@mozilla.org.xpi!/bootstrap.js:12:1) JS Stack trace: @resource://gre/modules/addons/XPIProvider.jsm -> jar:file:///usr/lib/firefox/browser/features/formautofill@bootstrap.js:12:1 < @XPIProvider.jsm:4820:1 < this.XPIProvider.loadBootstrapScope@XPIProvider.jsm:4820:7 < this.XPIProvider.callBootstrapMethod@XPIProvider.jsm:4899:9 < processFileChanges@XPIProviderUtils.js:2130:13 < this.XPIProvider.checkForChanges@XPIProvider.jsm:3826:34 < this.XPIProvider.startup@XPIProvider.jsm:2830:25 < callProvider@AddonManager.jsm:237:12 < _startProvider@AddonManager.jsm:790:5 < AddonManagerInternal.startup@AddonManager.jsm:976:9 < this.AddonManagerPrivate.startup@AddonManager.jsm:3033:5 < amManager.prototype.observe@addonManager.js:65:9
1536140270554	addons.xpi	WARN	Error loading bootstrap.js for followonsearch@mozilla.com: ReferenceError: ChromeUtils is not defined (resource://gre/modules/addons/XPIProvider.jsm -> jar:file:///usr/lib/firefox/browser/features/followonsearch@mozilla.com.xpi!/bootstrap.js:9:1) JS Stack trace: @resource://gre/modules/addons/XPIProvider.jsm -> jar:file:///usr/lib/firefox/browser/features/followonsearch@bootstrap.js:9:1 < @XPIProvider.jsm:4820:1 < this.XPIProvider.loadBootstrapScope@XPIProvider.jsm:4820:7 < this.XPIProvider.callBootstrapMethod@XPIProvider.jsm:4899:9 < processFileChanges@XPIProviderUtils.js:2130:13 < this.XPIProvider.checkForChanges@XPIProvider.jsm:3826:34 < this.XPIProvider.startup@XPIProvider.jsm:2830:25 < callProvider@AddonManager.jsm:237:12 < _startProvider@AddonManager.jsm:790:5 < AddonManagerInternal.startup@AddonManager.jsm:976:9 < this.AddonManagerPrivate.startup@AddonManager.jsm:3033:5 < amManager.prototype.observe@addonManager.js:65:9
1536140270562	addons.xpi	WARN	Error loading bootstrap.js for screenshots@mozilla.org: ReferenceError: ChromeUtils is not defined (resource://gre/modules/addons/XPIProvider.jsm -> jar:file:///usr/lib/firefox/browser/features/screenshots@mozilla.org.xpi!/bootstrap.js:10:1) JS Stack trace: @resource://gre/modules/addons/XPIProvider.jsm -> jar:file:///usr/lib/firefox/browser/features/screenshots@bootstrap.js:10:1 < @XPIProvider.jsm:4820:1 < this.XPIProvider.loadBootstrapScope@XPIProvider.jsm:4820:7 < this.XPIProvider.callBootstrapMethod@XPIProvider.jsm:4899:9 < processFileChanges@XPIProviderUtils.js:2130:13 < this.XPIProvider.checkForChanges@XPIProvider.jsm:3826:34 < this.XPIProvider.startup@XPIProvider.jsm:2830:25 < callProvider@AddonManager.jsm:237:12 < _startProvider@AddonManager.jsm:790:5 < AddonManagerInternal.startup@AddonManager.jsm:976:9 < this.AddonManagerPrivate.startup@AddonManager.jsm:3033:5 < amManager.prototype.observe@addonManager.js:65:9
1536140270568	addons.xpi	WARN	Error loading bootstrap.js for activity-stream@mozilla.org: ReferenceError: ChromeUtils is not defined (resource://gre/modules/addons/XPIProvider.jsm -> jar:file:///usr/lib/firefox/browser/features/activity-stream@mozilla.org.xpi!/bootstrap.js:6:1) JS Stack trace: @resource://gre/modules/addons/XPIProvider.jsm -> jar:file:///usr/lib/firefox/browser/features/activity-stream@bootstrap.js:6:1 < @XPIProvider.jsm:4820:1 < this.XPIProvider.loadBootstrapScope@XPIProvider.jsm:4820:7 < this.XPIProvider.callBootstrapMethod@XPIProvider.jsm:4899:9 < processFileChanges@XPIProviderUtils.js:2130:13 < this.XPIProvider.checkForChanges@XPIProvider.jsm:3826:34 < this.XPIProvider.startup@XPIProvider.jsm:2830:25 < callProvider@AddonManager.jsm:237:12 < _startProvider@AddonManager.jsm:790:5 < AddonManagerInternal.startup@AddonManager.jsm:976:9 < this.AddonManagerPrivate.startup@AddonManager.jsm:3033:5 < amManager.prototype.observe@addonManager.js:65:9
1536140270568	addons.xpi	WARN	Add-on activity-stream@mozilla.org is missing bootstrap method install
1536140270572	addons.xpi	WARN	Error loading bootstrap.js for onboarding@mozilla.org: ReferenceError: ChromeUtils is not defined (resource://gre/modules/addons/XPIProvider.jsm -> jar:file:///usr/lib/firefox/browser/features/onboarding@mozilla.org.xpi!/bootstrap.js:8:1) JS Stack trace: @resource://gre/modules/addons/XPIProvider.jsm -> jar:file:///usr/lib/firefox/browser/features/onboarding@bootstrap.js:8:1 < @XPIProvider.jsm:4820:1 < this.XPIProvider.loadBootstrapScope@XPIProvider.jsm:4820:7 < this.XPIProvider.callBootstrapMethod@XPIProvider.jsm:4899:9 < processFileChanges@XPIProviderUtils.js:2130:13 < this.XPIProvider.checkForChanges@XPIProvider.jsm:3826:34 < this.XPIProvider.startup@XPIProvider.jsm:2830:25 < callProvider@AddonManager.jsm:237:12 < _startProvider@AddonManager.jsm:790:5 < AddonManagerInternal.startup@AddonManager.jsm:976:9 < this.AddonManagerPrivate.startup@AddonManager.jsm:3033:5 < amManager.prototype.observe@addonManager.js:65:9
1536140270590	addons.xpi	WARN	Exception running bootstrap method startup on followonsearch@mozilla.com: TypeError: cohortManager is undefined (resource://gre/modules/addons/XPIProvider.jsm -> jar:file:///usr/lib/firefox/browser/features/followonsearch@mozilla.com.xpi!/bootstrap.js:167:3) JS Stack trace: startup@resource://gre/modules/addons/XPIProvider.jsm -> jar:file:///usr/lib/firefox/browser/features/followonsearch@bootstrap.js:167:3 < this.XPIProvider.callBootstrapMethod@XPIProvider.jsm:4968:9 < this.XPIProvider.startup@XPIProvider.jsm:2885:13 < callProvider@AddonManager.jsm:237:12 < _startProvider@AddonManager.jsm:790:5 < AddonManagerInternal.startup@AddonManager.jsm:976:9 < this.AddonManagerPrivate.startup@AddonManager.jsm:3033:5 < amManager.prototype.observe@addonManager.js:65:9
1536140270864	Marionette	INFO	Listening on port 36320
1536140271162	Marionette	WARN	TLS certificate errors will be ignored for this session
JavaScript error: http://www.baidu.com/, line 478: SyntaxError: illegal character
*************************
A coding exception was thrown and uncaught in a Task.

Full message: TypeError: NetworkError when attempting to fetch resource.
Full stack: 
*************************
1536140786798	addons.xpi	WARN	Add-on formautofill@mozilla.org is not compatible with application version.
1536140786802	addons.xpi	WARN	Add-on screenshots@mozilla.org is not compatible with application version.
1536140786804	addons.xpi	WARN	Add-on activity-stream@mozilla.org is not compatible with application version.
1536140786806	addons.xpi	WARN	Add-on onboarding@mozilla.org is not compatible with application version.
1536140900790	addons.xpi	WARN	Add-on formautofill@mozilla.org is not compatible with application version.
1536140900794	addons.xpi	WARN	Add-on screenshots@mozilla.org is not compatible with application version.
1536140900796	addons.xpi	WARN	Add-on activity-stream@mozilla.org is not compatible with application version.
1536140900798	addons.xpi	WARN	Add-on onboarding@mozilla.org is not compatible with application version.
1536149540420	geckodriver	INFO	Listening on 127.0.0.1:45525
1536149541089	mozprofile::profile	INFO	Using profile path /tmp/rust_mozprofile.Rkeyyn535H9j
1536149541092	geckodriver::marionette	INFO	Starting browser /usr/bin/firefox
1536149541132	geckodriver::marionette	INFO	Connecting to Marionette on localhost:33690
1536149555650	addons.xpi	WARN	Add-on formautofill@mozilla.org is not compatible with application version.
1536149555652	addons.xpi	WARN	Add-on formautofill@mozilla.org is not compatible with application version.
1536149555822	addons.xpi	WARN	Add-on screenshots@mozilla.org is not compatible with application version.
1536149555824	addons.xpi	WARN	Add-on screenshots@mozilla.org is not compatible with application version.
1536149555972	addons.xpi	WARN	Add-on activity-stream@mozilla.org is not compatible with application version.
1536149555974	addons.xpi	WARN	Add-on activity-stream@mozilla.org is not compatible with application version.
1536149556010	addons.xpi	WARN	Add-on onboarding@mozilla.org is not compatible with application version.
1536149556020	addons.xpi	WARN	Add-on onboarding@mozilla.org is not compatible with application version.
1536149556070	addons.xpi	WARN	Error loading bootstrap.js for formautofill@mozilla.org: ReferenceError: ChromeUtils is not defined (resource://gre/modules/addons/XPIProvider.jsm -> jar:file:///usr/lib/firefox/browser/features/formautofill@mozilla.org.xpi!/bootstrap.js:12:1) JS Stack trace: @resource://gre/modules/addons/XPIProvider.jsm -> jar:file:///usr/lib/firefox/browser/features/formautofill@bootstrap.js:12:1 < @XPIProvider.jsm:4820:1 < this.XPIProvider.loadBootstrapScope@XPIProvider.jsm:4820:7 < this.XPIProvider.callBootstrapMethod@XPIProvider.jsm:4899:9 < processFileChanges@XPIProviderUtils.js:2130:13 < this.XPIProvider.checkForChanges@XPIProvider.jsm:3826:34 < this.XPIProvider.startup@XPIProvider.jsm:2830:25 < callProvider@AddonManager.jsm:237:12 < _startProvider@AddonManager.jsm:790:5 < AddonManagerInternal.startup@AddonManager.jsm:976:9 < this.AddonManagerPrivate.startup@AddonManager.jsm:3033:5 < amManager.prototype.observe@addonManager.js:65:9
1536149556080	addons.xpi	WARN	Error loading bootstrap.js for followonsearch@mozilla.com: ReferenceError: ChromeUtils is not defined (resource://gre/modules/addons/XPIProvider.jsm -> jar:file:///usr/lib/firefox/browser/features/followonsearch@mozilla.com.xpi!/bootstrap.js:9:1) JS Stack trace: @resource://gre/modules/addons/XPIProvider.jsm -> jar:file:///usr/lib/firefox/browser/features/followonsearch@bootstrap.js:9:1 < @XPIProvider.jsm:4820:1 < this.XPIProvider.loadBootstrapScope@XPIProvider.jsm:4820:7 < this.XPIProvider.callBootstrapMethod@XPIProvider.jsm:4899:9 < processFileChanges@XPIProviderUtils.js:2130:13 < this.XPIProvider.checkForChanges@XPIProvider.jsm:3826:34 < this.XPIProvider.startup@XPIProvider.jsm:2830:25 < callProvider@AddonManager.jsm:237:12 < _startProvider@AddonManager.jsm:790:5 < AddonManagerInternal.startup@AddonManager.jsm:976:9 < this.AddonManagerPrivate.startup@AddonManager.jsm:3033:5 < amManager.prototype.observe@addonManager.js:65:9
1536149556110	addons.xpi	WARN	Error loading bootstrap.js for screenshots@mozilla.org: ReferenceError: ChromeUtils is not defined (resource://gre/modules/addons/XPIProvider.jsm -> jar:file:///usr/lib/firefox/browser/features/screenshots@mozilla.org.xpi!/bootstrap.js:10:1) JS Stack trace: @resource://gre/modules/addons/XPIProvider.jsm -> jar:file:///usr/lib/firefox/browser/features/screenshots@bootstrap.js:10:1 < @XPIProvider.jsm:4820:1 < this.XPIProvider.loadBootstrapScope@XPIProvider.jsm:4820:7 < this.XPIProvider.callBootstrapMethod@XPIProvider.jsm:4899:9 < processFileChanges@XPIProviderUtils.js:2130:13 < this.XPIProvider.checkForChanges@XPIProvider.jsm:3826:34 < this.XPIProvider.startup@XPIProvider.jsm:2830:25 < callProvider@AddonManager.jsm:237:12 < _startProvider@AddonManager.jsm:790:5 < AddonManagerInternal.startup@AddonManager.jsm:976:9 < this.AddonManagerPrivate.startup@AddonManager.jsm:3033:5 < amManager.prototype.observe@addonManager.js:65:9
1536149556134	addons.xpi	WARN	Error loading bootstrap.js for activity-stream@mozilla.org: ReferenceError: ChromeUtils is not defined (resource://gre/modules/addons/XPIProvider.jsm -> jar:file:///usr/lib/firefox/browser/features/activity-stream@mozilla.org.xpi!/bootstrap.js:6:1) JS Stack trace: @resource://gre/modules/addons/XPIProvider.jsm -> jar:file:///usr/lib/firefox/browser/features/activity-stream@bootstrap.js:6:1 < @XPIProvider.jsm:4820:1 < this.XPIProvider.loadBootstrapScope@XPIProvider.jsm:4820:7 < this.XPIProvider.callBootstrapMethod@XPIProvider.jsm:4899:9 < processFileChanges@XPIProviderUtils.js:2130:13 < this.XPIProvider.checkForChanges@XPIProvider.jsm:3826:34 < this.XPIProvider.startup@XPIProvider.jsm:2830:25 < callProvider@AddonManager.jsm:237:12 < _startProvider@AddonManager.jsm:790:5 < AddonManagerInternal.startup@AddonManager.jsm:976:9 < this.AddonManagerPrivate.startup@AddonManager.jsm:3033:5 < amManager.prototype.observe@addonManager.js:65:9
1536149556134	addons.xpi	WARN	Add-on activity-stream@mozilla.org is missing bootstrap method install
1536149556144	addons.xpi	WARN	Error loading bootstrap.js for onboarding@mozilla.org: ReferenceError: ChromeUtils is not defined (resource://gre/modules/addons/XPIProvider.jsm -> jar:file:///usr/lib/firefox/browser/features/onboarding@mozilla.org.xpi!/bootstrap.js:8:1) JS Stack trace: @resource://gre/modules/addons/XPIProvider.jsm -> jar:file:///usr/lib/firefox/browser/features/onboarding@bootstrap.js:8:1 < @XPIProvider.jsm:4820:1 < this.XPIProvider.loadBootstrapScope@XPIProvider.jsm:4820:7 < this.XPIProvider.callBootstrapMethod@XPIProvider.jsm:4899:9 < processFileChanges@XPIProviderUtils.js:2130:13 < this.XPIProvider.checkForChanges@XPIProvider.jsm:3826:34 < this.XPIProvider.startup@XPIProvider.jsm:2830:25 < callProvider@AddonManager.jsm:237:12 < _startProvider@AddonManager.jsm:790:5 < AddonManagerInternal.startup@AddonManager.jsm:976:9 < this.AddonManagerPrivate.startup@AddonManager.jsm:3033:5 < amManager.prototype.observe@addonManager.js:65:9
1536149556164	addons.xpi	WARN	Exception running bootstrap method startup on followonsearch@mozilla.com: TypeError: cohortManager is undefined (resource://gre/modules/addons/XPIProvider.jsm -> jar:file:///usr/lib/firefox/browser/features/followonsearch@mozilla.com.xpi!/bootstrap.js:167:3) JS Stack trace: startup@resource://gre/modules/addons/XPIProvider.jsm -> jar:file:///usr/lib/firefox/browser/features/followonsearch@bootstrap.js:167:3 < this.XPIProvider.callBootstrapMethod@XPIProvider.jsm:4968:9 < this.XPIProvider.startup@XPIProvider.jsm:2885:13 < callProvider@AddonManager.jsm:237:12 < _startProvider@AddonManager.jsm:790:5 < AddonManagerInternal.startup@AddonManager.jsm:976:9 < this.AddonManagerPrivate.startup@AddonManager.jsm:3033:5 < amManager.prototype.observe@addonManager.js:65:9
1536149557242	Marionette	INFO	Listening on port 33690
1536149558796	Marionette	WARN	TLS certificate errors will be ignored for this session
JavaScript error: resource://gre/modules/LoginManagerParent.jsm, line 106: TypeError: this._recipeManager is null
console.warn: nsLoginManager: searchLogins: `formSubmitURL` or `httpRealm` is recommended
console.error: 
  Message: Error: Source map at https://static.zhihu.com/heifetz/main.app.221f43a7d5167d8504f7.css.map not found or invalid
  Stack:
    StyleSheetActor<._fetchSourceMap/</map<@resource://gre/modules/commonjs/toolkit/loader.js -> resource://devtools/server/actors/stylesheets.js:557:27
Handler.prototype.process@resource://gre/modules/Promise.jsm -> resource://gre/modules/Promise-backend.js:932:23
this.PromiseWalker.walkerLoop@resource://gre/modules/Promise.jsm -> resource://gre/modules/Promise-backend.js:813:7
this.PromiseWalker.scheduleWalkerLoop/<@resource://gre/modules/Promise.jsm -> resource://gre/modules/Promise-backend.js:747:11

StyleSheetActor<._fetchSourceMap/</map<@resource://gre/modules/commonjs/toolkit/loader.js -> resource://devtools/server/actors/stylesheets.js:557:27
Handler.prototype.process@resource://gre/modules/Promise.jsm -> resource://gre/modules/Promise-backend.js:932:23
this.PromiseWalker.walkerLoop@resource://gre/modules/Promise.jsm -> resource://gre/modules/Promise-backend.js:813:7
this.PromiseWalker.scheduleWalkerLoop/<@resource://gre/modules/Promise.jsm -> resource://gre/modules/Promise-backend.js:747:11
console.error: 
  Protocol error (unknownError): Source map at https://static.zhihu.com/heifetz/main.app.221f43a7d5167d8504f7.css.map not found or invalid
JavaScript error: resource://gre/modules/LoginManagerParent.jsm, line 106: TypeError: this._recipeManager is null
console.warn: nsLoginManager: searchLogins: `formSubmitURL` or `httpRealm` is recommended
1536149895591	geckodriver	INFO	Listening on 127.0.0.1:43305
1536149896593	mozprofile::profile	INFO	Using profile path /tmp/rust_mozprofile.j0BWuw8awNhN
1536149896595	geckodriver::marionette	INFO	Starting browser /usr/bin/firefox
1536149896599	geckodriver::marionette	INFO	Connecting to Marionette on localhost:42235
1536149908940	addons.xpi	WARN	Add-on formautofill@mozilla.org is not compatible with application version.
1536149908942	addons.xpi	WARN	Add-on formautofill@mozilla.org is not compatible with application version.
1536149909082	addons.xpi	WARN	Add-on screenshots@mozilla.org is not compatible with application version.
1536149909086	addons.xpi	WARN	Add-on screenshots@mozilla.org is not compatible with application version.
1536149909128	addons.xpi	WARN	Add-on activity-stream@mozilla.org is not compatible with application version.
1536149909130	addons.xpi	WARN	Add-on activity-stream@mozilla.org is not compatible with application version.
1536149909136	addons.xpi	WARN	Add-on onboarding@mozilla.org is not compatible with application version.
1536149909136	addons.xpi	WARN	Add-on onboarding@mozilla.org is not compatible with application version.
1536149909238	addons.xpi	WARN	Error loading bootstrap.js for formautofill@mozilla.org: ReferenceError: ChromeUtils is not defined (resource://gre/modules/addons/XPIProvider.jsm -> jar:file:///usr/lib/firefox/browser/features/formautofill@mozilla.org.xpi!/bootstrap.js:12:1) JS Stack trace: @resource://gre/modules/addons/XPIProvider.jsm -> jar:file:///usr/lib/firefox/browser/features/formautofill@bootstrap.js:12:1 < @XPIProvider.jsm:4820:1 < this.XPIProvider.loadBootstrapScope@XPIProvider.jsm:4820:7 < this.XPIProvider.callBootstrapMethod@XPIProvider.jsm:4899:9 < processFileChanges@XPIProviderUtils.js:2130:13 < this.XPIProvider.checkForChanges@XPIProvider.jsm:3826:34 < this.XPIProvider.startup@XPIProvider.jsm:2830:25 < callProvider@AddonManager.jsm:237:12 < _startProvider@AddonManager.jsm:790:5 < AddonManagerInternal.startup@AddonManager.jsm:976:9 < this.AddonManagerPrivate.startup@AddonManager.jsm:3033:5 < amManager.prototype.observe@addonManager.js:65:9
1536149909268	addons.xpi	WARN	Error loading bootstrap.js for followonsearch@mozilla.com: ReferenceError: ChromeUtils is not defined (resource://gre/modules/addons/XPIProvider.jsm -> jar:file:///usr/lib/firefox/browser/features/followonsearch@mozilla.com.xpi!/bootstrap.js:9:1) JS Stack trace: @resource://gre/modules/addons/XPIProvider.jsm -> jar:file:///usr/lib/firefox/browser/features/followonsearch@bootstrap.js:9:1 < @XPIProvider.jsm:4820:1 < this.XPIProvider.loadBootstrapScope@XPIProvider.jsm:4820:7 < this.XPIProvider.callBootstrapMethod@XPIProvider.jsm:4899:9 < processFileChanges@XPIProviderUtils.js:2130:13 < this.XPIProvider.checkForChanges@XPIProvider.jsm:3826:34 < this.XPIProvider.startup@XPIProvider.jsm:2830:25 < callProvider@AddonManager.jsm:237:12 < _startProvider@AddonManager.jsm:790:5 < AddonManagerInternal.startup@AddonManager.jsm:976:9 < this.AddonManagerPrivate.startup@AddonManager.jsm:3033:5 < amManager.prototype.observe@addonManager.js:65:9
1536149909280	addons.xpi	WARN	Error loading bootstrap.js for screenshots@mozilla.org: ReferenceError: ChromeUtils is not defined (resource://gre/modules/addons/XPIProvider.jsm -> jar:file:///usr/lib/firefox/browser/features/screenshots@mozilla.org.xpi!/bootstrap.js:10:1) JS Stack trace: @resource://gre/modules/addons/XPIProvider.jsm -> jar:file:///usr/lib/firefox/browser/features/screenshots@bootstrap.js:10:1 < @XPIProvider.jsm:4820:1 < this.XPIProvider.loadBootstrapScope@XPIProvider.jsm:4820:7 < this.XPIProvider.callBootstrapMethod@XPIProvider.jsm:4899:9 < processFileChanges@XPIProviderUtils.js:2130:13 < this.XPIProvider.checkForChanges@XPIProvider.jsm:3826:34 < this.XPIProvider.startup@XPIProvider.jsm:2830:25 < callProvider@AddonManager.jsm:237:12 < _startProvider@AddonManager.jsm:790:5 < AddonManagerInternal.startup@AddonManager.jsm:976:9 < this.AddonManagerPrivate.startup@AddonManager.jsm:3033:5 < amManager.prototype.observe@addonManager.js:65:9
1536149909320	addons.xpi	WARN	Error loading bootstrap.js for activity-stream@mozilla.org: ReferenceError: ChromeUtils is not defined (resource://gre/modules/addons/XPIProvider.jsm -> jar:file:///usr/lib/firefox/browser/features/activity-stream@mozilla.org.xpi!/bootstrap.js:6:1) JS Stack trace: @resource://gre/modules/addons/XPIProvider.jsm -> jar:file:///usr/lib/firefox/browser/features/activity-stream@bootstrap.js:6:1 < @XPIProvider.jsm:4820:1 < this.XPIProvider.loadBootstrapScope@XPIProvider.jsm:4820:7 < this.XPIProvider.callBootstrapMethod@XPIProvider.jsm:4899:9 < processFileChanges@XPIProviderUtils.js:2130:13 < this.XPIProvider.checkForChanges@XPIProvider.jsm:3826:34 < this.XPIProvider.startup@XPIProvider.jsm:2830:25 < callProvider@AddonManager.jsm:237:12 < _startProvider@AddonManager.jsm:790:5 < AddonManagerInternal.startup@AddonManager.jsm:976:9 < this.AddonManagerPrivate.startup@AddonManager.jsm:3033:5 < amManager.prototype.observe@addonManager.js:65:9
1536149909328	addons.xpi	WARN	Add-on activity-stream@mozilla.org is missing bootstrap method install
1536149909344	addons.xpi	WARN	Error loading bootstrap.js for onboarding@mozilla.org: ReferenceError: ChromeUtils is not defined (resource://gre/modules/addons/XPIProvider.jsm -> jar:file:///usr/lib/firefox/browser/features/onboarding@mozilla.org.xpi!/bootstrap.js:8:1) JS Stack trace: @resource://gre/modules/addons/XPIProvider.jsm -> jar:file:///usr/lib/firefox/browser/features/onboarding@bootstrap.js:8:1 < @XPIProvider.jsm:4820:1 < this.XPIProvider.loadBootstrapScope@XPIProvider.jsm:4820:7 < this.XPIProvider.callBootstrapMethod@XPIProvider.jsm:4899:9 < processFileChanges@XPIProviderUtils.js:2130:13 < this.XPIProvider.checkForChanges@XPIProvider.jsm:3826:34 < this.XPIProvider.startup@XPIProvider.jsm:2830:25 < callProvider@AddonManager.jsm:237:12 < _startProvider@AddonManager.jsm:790:5 < AddonManagerInternal.startup@AddonManager.jsm:976:9 < this.AddonManagerPrivate.startup@AddonManager.jsm:3033:5 < amManager.prototype.observe@addonManager.js:65:9
1536149909364	addons.xpi	WARN	Exception running bootstrap method startup on followonsearch@mozilla.com: TypeError: cohortManager is undefined (resource://gre/modules/addons/XPIProvider.jsm -> jar:file:///usr/lib/firefox/browser/features/followonsearch@mozilla.com.xpi!/bootstrap.js:167:3) JS Stack trace: startup@resource://gre/modules/addons/XPIProvider.jsm -> jar:file:///usr/lib/firefox/browser/features/followonsearch@bootstrap.js:167:3 < this.XPIProvider.callBootstrapMethod@XPIProvider.jsm:4968:9 < this.XPIProvider.startup@XPIProvider.jsm:2885:13 < callProvider@AddonManager.jsm:237:12 < _startProvider@AddonManager.jsm:790:5 < AddonManagerInternal.startup@AddonManager.jsm:976:9 < this.AddonManagerPrivate.startup@AddonManager.jsm:3033:5 < amManager.prototype.observe@addonManager.js:65:9
1536149909988	Marionette	INFO	Listening on port 42235
1536149910716	Marionette	WARN	TLS certificate errors will be ignored for this session
1536149989621	geckodriver	INFO	Listening on 127.0.0.1:58991
1536149990616	mozprofile::profile	INFO	Using profile path /tmp/rust_mozprofile.VdwzRWcMOASy
1536149990618	geckodriver::marionette	INFO	Starting browser /usr/bin/firefox
1536149990645	geckodriver::marionette	INFO	Connecting to Marionette on localhost:43594
1536150006146	addons.xpi	WARN	Add-on formautofill@mozilla.org is not compatible with application version.
1536150006148	addons.xpi	WARN	Add-on formautofill@mozilla.org is not compatible with application version.
1536150006182	addons.xpi	WARN	Add-on screenshots@mozilla.org is not compatible with application version.
1536150006184	addons.xpi	WARN	Add-on screenshots@mozilla.org is not compatible with application version.
1536150006202	addons.xpi	WARN	Add-on activity-stream@mozilla.org is not compatible with application version.
1536150006204	addons.xpi	WARN	Add-on activity-stream@mozilla.org is not compatible with application version.
1536150006210	addons.xpi	WARN	Add-on onboarding@mozilla.org is not compatible with application version.
1536150006210	addons.xpi	WARN	Add-on onboarding@mozilla.org is not compatible with application version.
1536150006238	addons.xpi	WARN	Error loading bootstrap.js for formautofill@mozilla.org: ReferenceError: ChromeUtils is not defined (resource://gre/modules/addons/XPIProvider.jsm -> jar:file:///usr/lib/firefox/browser/features/formautofill@mozilla.org.xpi!/bootstrap.js:12:1) JS Stack trace: @resource://gre/modules/addons/XPIProvider.jsm -> jar:file:///usr/lib/firefox/browser/features/formautofill@bootstrap.js:12:1 < @XPIProvider.jsm:4820:1 < this.XPIProvider.loadBootstrapScope@XPIProvider.jsm:4820:7 < this.XPIProvider.callBootstrapMethod@XPIProvider.jsm:4899:9 < processFileChanges@XPIProviderUtils.js:2130:13 < this.XPIProvider.checkForChanges@XPIProvider.jsm:3826:34 < this.XPIProvider.startup@XPIProvider.jsm:2830:25 < callProvider@AddonManager.jsm:237:12 < _startProvider@AddonManager.jsm:790:5 < AddonManagerInternal.startup@AddonManager.jsm:976:9 < this.AddonManagerPrivate.startup@AddonManager.jsm:3033:5 < amManager.prototype.observe@addonManager.js:65:9
1536150006248	addons.xpi	WARN	Error loading bootstrap.js for followonsearch@mozilla.com: ReferenceError: ChromeUtils is not defined (resource://gre/modules/addons/XPIProvider.jsm -> jar:file:///usr/lib/firefox/browser/features/followonsearch@mozilla.com.xpi!/bootstrap.js:9:1) JS Stack trace: @resource://gre/modules/addons/XPIProvider.jsm -> jar:file:///usr/lib/firefox/browser/features/followonsearch@bootstrap.js:9:1 < @XPIProvider.jsm:4820:1 < this.XPIProvider.loadBootstrapScope@XPIProvider.jsm:4820:7 < this.XPIProvider.callBootstrapMethod@XPIProvider.jsm:4899:9 < processFileChanges@XPIProviderUtils.js:2130:13 < this.XPIProvider.checkForChanges@XPIProvider.jsm:3826:34 < this.XPIProvider.startup@XPIProvider.jsm:2830:25 < callProvider@AddonManager.jsm:237:12 < _startProvider@AddonManager.jsm:790:5 < AddonManagerInternal.startup@AddonManager.jsm:976:9 < this.AddonManagerPrivate.startup@AddonManager.jsm:3033:5 < amManager.prototype.observe@addonManager.js:65:9
1536150006256	addons.xpi	WARN	Error loading bootstrap.js for screenshots@mozilla.org: ReferenceError: ChromeUtils is not defined (resource://gre/modules/addons/XPIProvider.jsm -> jar:file:///usr/lib/firefox/browser/features/screenshots@mozilla.org.xpi!/bootstrap.js:10:1) JS Stack trace: @resource://gre/modules/addons/XPIProvider.jsm -> jar:file:///usr/lib/firefox/browser/features/screenshots@bootstrap.js:10:1 < @XPIProvider.jsm:4820:1 < this.XPIProvider.loadBootstrapScope@XPIProvider.jsm:4820:7 < this.XPIProvider.callBootstrapMethod@XPIProvider.jsm:4899:9 < processFileChanges@XPIProviderUtils.js:2130:13 < this.XPIProvider.checkForChanges@XPIProvider.jsm:3826:34 < this.XPIProvider.startup@XPIProvider.jsm:2830:25 < callProvider@AddonManager.jsm:237:12 < _startProvider@AddonManager.jsm:790:5 < AddonManagerInternal.startup@AddonManager.jsm:976:9 < this.AddonManagerPrivate.startup@AddonManager.jsm:3033:5 < amManager.prototype.observe@addonManager.js:65:9
1536150006262	addons.xpi	WARN	Error loading bootstrap.js for activity-stream@mozilla.org: ReferenceError: ChromeUtils is not defined (resource://gre/modules/addons/XPIProvider.jsm -> jar:file:///usr/lib/firefox/browser/features/activity-stream@mozilla.org.xpi!/bootstrap.js:6:1) JS Stack trace: @resource://gre/modules/addons/XPIProvider.jsm -> jar:file:///usr/lib/firefox/browser/features/activity-stream@bootstrap.js:6:1 < @XPIProvider.jsm:4820:1 < this.XPIProvider.loadBootstrapScope@XPIProvider.jsm:4820:7 < this.XPIProvider.callBootstrapMethod@XPIProvider.jsm:4899:9 < processFileChanges@XPIProviderUtils.js:2130:13 < this.XPIProvider.checkForChanges@XPIProvider.jsm:3826:34 < this.XPIProvider.startup@XPIProvider.jsm:2830:25 < callProvider@AddonManager.jsm:237:12 < _startProvider@AddonManager.jsm:790:5 < AddonManagerInternal.startup@AddonManager.jsm:976:9 < this.AddonManagerPrivate.startup@AddonManager.jsm:3033:5 < amManager.prototype.observe@addonManager.js:65:9
1536150006262	addons.xpi	WARN	Add-on activity-stream@mozilla.org is missing bootstrap method install
1536150006266	addons.xpi	WARN	Error loading bootstrap.js for onboarding@mozilla.org: ReferenceError: ChromeUtils is not defined (resource://gre/modules/addons/XPIProvider.jsm -> jar:file:///usr/lib/firefox/browser/features/onboarding@mozilla.org.xpi!/bootstrap.js:8:1) JS Stack trace: @resource://gre/modules/addons/XPIProvider.jsm -> jar:file:///usr/lib/firefox/browser/features/onboarding@bootstrap.js:8:1 < @XPIProvider.jsm:4820:1 < this.XPIProvider.loadBootstrapScope@XPIProvider.jsm:4820:7 < this.XPIProvider.callBootstrapMethod@XPIProvider.jsm:4899:9 < processFileChanges@XPIProviderUtils.js:2130:13 < this.XPIProvider.checkForChanges@XPIProvider.jsm:3826:34 < this.XPIProvider.startup@XPIProvider.jsm:2830:25 < callProvider@AddonManager.jsm:237:12 < _startProvider@AddonManager.jsm:790:5 < AddonManagerInternal.startup@AddonManager.jsm:976:9 < this.AddonManagerPrivate.startup@AddonManager.jsm:3033:5 < amManager.prototype.observe@addonManager.js:65:9
1536150006286	addons.xpi	WARN	Exception running bootstrap method startup on followonsearch@mozilla.com: TypeError: cohortManager is undefined (resource://gre/modules/addons/XPIProvider.jsm -> jar:file:///usr/lib/firefox/browser/features/followonsearch@mozilla.com.xpi!/bootstrap.js:167:3) JS Stack trace: startup@resource://gre/modules/addons/XPIProvider.jsm -> jar:file:///usr/lib/firefox/browser/features/followonsearch@bootstrap.js:167:3 < this.XPIProvider.callBootstrapMethod@XPIProvider.jsm:4968:9 < this.XPIProvider.startup@XPIProvider.jsm:2885:13 < callProvider@AddonManager.jsm:237:12 < _startProvider@AddonManager.jsm:790:5 < AddonManagerInternal.startup@AddonManager.jsm:976:9 < this.AddonManagerPrivate.startup@AddonManager.jsm:3033:5 < amManager.prototype.observe@addonManager.js:65:9
1536150006816	Marionette	INFO	Listening on port 43594
1536150007186	Marionette	WARN	TLS certificate errors will be ignored for this session
1536150095514	geckodriver	INFO	Listening on 127.0.0.1:54046
1536150096514	mozprofile::profile	INFO	Using profile path /tmp/rust_mozprofile.xgVArrETJ8BI
1536150096516	geckodriver::marionette	INFO	Starting browser /usr/bin/firefox
1536150096521	geckodriver::marionette	INFO	Connecting to Marionette on localhost:43286
1536150107488	addons.xpi	WARN	Add-on formautofill@mozilla.org is not compatible with application version.
1536150107490	addons.xpi	WARN	Add-on formautofill@mozilla.org is not compatible with application version.
1536150107520	addons.xpi	WARN	Add-on screenshots@mozilla.org is not compatible with application version.
1536150107522	addons.xpi	WARN	Add-on screenshots@mozilla.org is not compatible with application version.
1536150107540	addons.xpi	WARN	Add-on activity-stream@mozilla.org is not compatible with application version.
1536150107540	addons.xpi	WARN	Add-on activity-stream@mozilla.org is not compatible with application version.
1536150107546	addons.xpi	WARN	Add-on onboarding@mozilla.org is not compatible with application version.
1536150107546	addons.xpi	WARN	Add-on onboarding@mozilla.org is not compatible with application version.
1536150107570	addons.xpi	WARN	Error loading bootstrap.js for formautofill@mozilla.org: ReferenceError: ChromeUtils is not defined (resource://gre/modules/addons/XPIProvider.jsm -> jar:file:///usr/lib/firefox/browser/features/formautofill@mozilla.org.xpi!/bootstrap.js:12:1) JS Stack trace: @resource://gre/modules/addons/XPIProvider.jsm -> jar:file:///usr/lib/firefox/browser/features/formautofill@bootstrap.js:12:1 < @XPIProvider.jsm:4820:1 < this.XPIProvider.loadBootstrapScope@XPIProvider.jsm:4820:7 < this.XPIProvider.callBootstrapMethod@XPIProvider.jsm:4899:9 < processFileChanges@XPIProviderUtils.js:2130:13 < this.XPIProvider.checkForChanges@XPIProvider.jsm:3826:34 < this.XPIProvider.startup@XPIProvider.jsm:2830:25 < callProvider@AddonManager.jsm:237:12 < _startProvider@AddonManager.jsm:790:5 < AddonManagerInternal.startup@AddonManager.jsm:976:9 < this.AddonManagerPrivate.startup@AddonManager.jsm:3033:5 < amManager.prototype.observe@addonManager.js:65:9
1536150107580	addons.xpi	WARN	Error loading bootstrap.js for followonsearch@mozilla.com: ReferenceError: ChromeUtils is not defined (resource://gre/modules/addons/XPIProvider.jsm -> jar:file:///usr/lib/firefox/browser/features/followonsearch@mozilla.com.xpi!/bootstrap.js:9:1) JS Stack trace: @resource://gre/modules/addons/XPIProvider.jsm -> jar:file:///usr/lib/firefox/browser/features/followonsearch@bootstrap.js:9:1 < @XPIProvider.jsm:4820:1 < this.XPIProvider.loadBootstrapScope@XPIProvider.jsm:4820:7 < this.XPIProvider.callBootstrapMethod@XPIProvider.jsm:4899:9 < processFileChanges@XPIProviderUtils.js:2130:13 < this.XPIProvider.checkForChanges@XPIProvider.jsm:3826:34 < this.XPIProvider.startup@XPIProvider.jsm:2830:25 < callProvider@AddonManager.jsm:237:12 < _startProvider@AddonManager.jsm:790:5 < AddonManagerInternal.startup@AddonManager.jsm:976:9 < this.AddonManagerPrivate.startup@AddonManager.jsm:3033:5 < amManager.prototype.observe@addonManager.js:65:9
1536150107586	addons.xpi	WARN	Error loading bootstrap.js for screenshots@mozilla.org: ReferenceError: ChromeUtils is not defined (resource://gre/modules/addons/XPIProvider.jsm -> jar:file:///usr/lib/firefox/browser/features/screenshots@mozilla.org.xpi!/bootstrap.js:10:1) JS Stack trace: @resource://gre/modules/addons/XPIProvider.jsm -> jar:file:///usr/lib/firefox/browser/features/screenshots@bootstrap.js:10:1 < @XPIProvider.jsm:4820:1 < this.XPIProvider.loadBootstrapScope@XPIProvider.jsm:4820:7 < this.XPIProvider.callBootstrapMethod@XPIProvider.jsm:4899:9 < processFileChanges@XPIProviderUtils.js:2130:13 < this.XPIProvider.checkForChanges@XPIProvider.jsm:3826:34 < this.XPIProvider.startup@XPIProvider.jsm:2830:25 < callProvider@AddonManager.jsm:237:12 < _startProvider@AddonManager.jsm:790:5 < AddonManagerInternal.startup@AddonManager.jsm:976:9 < this.AddonManagerPrivate.startup@AddonManager.jsm:3033:5 < amManager.prototype.observe@addonManager.js:65:9
1536150107594	addons.xpi	WARN	Error loading bootstrap.js for activity-stream@mozilla.org: ReferenceError: ChromeUtils is not defined (resource://gre/modules/addons/XPIProvider.jsm -> jar:file:///usr/lib/firefox/browser/features/activity-stream@mozilla.org.xpi!/bootstrap.js:6:1) JS Stack trace: @resource://gre/modules/addons/XPIProvider.jsm -> jar:file:///usr/lib/firefox/browser/features/activity-stream@bootstrap.js:6:1 < @XPIProvider.jsm:4820:1 < this.XPIProvider.loadBootstrapScope@XPIProvider.jsm:4820:7 < this.XPIProvider.callBootstrapMethod@XPIProvider.jsm:4899:9 < processFileChanges@XPIProviderUtils.js:2130:13 < this.XPIProvider.checkForChanges@XPIProvider.jsm:3826:34 < this.XPIProvider.startup@XPIProvider.jsm:2830:25 < callProvider@AddonManager.jsm:237:12 < _startProvider@AddonManager.jsm:790:5 < AddonManagerInternal.startup@AddonManager.jsm:976:9 < this.AddonManagerPrivate.startup@AddonManager.jsm:3033:5 < amManager.prototype.observe@addonManager.js:65:9
1536150107594	addons.xpi	WARN	Add-on activity-stream@mozilla.org is missing bootstrap method install
1536150107598	addons.xpi	WARN	Error loading bootstrap.js for onboarding@mozilla.org: ReferenceError: ChromeUtils is not defined (resource://gre/modules/addons/XPIProvider.jsm -> jar:file:///usr/lib/firefox/browser/features/onboarding@mozilla.org.xpi!/bootstrap.js:8:1) JS Stack trace: @resource://gre/modules/addons/XPIProvider.jsm -> jar:file:///usr/lib/firefox/browser/features/onboarding@bootstrap.js:8:1 < @XPIProvider.jsm:4820:1 < this.XPIProvider.loadBootstrapScope@XPIProvider.jsm:4820:7 < this.XPIProvider.callBootstrapMethod@XPIProvider.jsm:4899:9 < processFileChanges@XPIProviderUtils.js:2130:13 < this.XPIProvider.checkForChanges@XPIProvider.jsm:3826:34 < this.XPIProvider.startup@XPIProvider.jsm:2830:25 < callProvider@AddonManager.jsm:237:12 < _startProvider@AddonManager.jsm:790:5 < AddonManagerInternal.startup@AddonManager.jsm:976:9 < this.AddonManagerPrivate.startup@AddonManager.jsm:3033:5 < amManager.prototype.observe@addonManager.js:65:9
1536150107616	addons.xpi	WARN	Exception running bootstrap method startup on followonsearch@mozilla.com: TypeError: cohortManager is undefined (resource://gre/modules/addons/XPIProvider.jsm -> jar:file:///usr/lib/firefox/browser/features/followonsearch@mozilla.com.xpi!/bootstrap.js:167:3) JS Stack trace: startup@resource://gre/modules/addons/XPIProvider.jsm -> jar:file:///usr/lib/firefox/browser/features/followonsearch@bootstrap.js:167:3 < this.XPIProvider.callBootstrapMethod@XPIProvider.jsm:4968:9 < this.XPIProvider.startup@XPIProvider.jsm:2885:13 < callProvider@AddonManager.jsm:237:12 < _startProvider@AddonManager.jsm:790:5 < AddonManagerInternal.startup@AddonManager.jsm:976:9 < this.AddonManagerPrivate.startup@AddonManager.jsm:3033:5 < amManager.prototype.observe@addonManager.js:65:9
1536150107994	Marionette	INFO	Listening on port 43286
1536150108306	Marionette	WARN	TLS certificate errors will be ignored for this session
1536150138464	geckodriver	INFO	Listening on 127.0.0.1:50271
1536150139464	mozprofile::profile	INFO	Using profile path /tmp/rust_mozprofile.335kAPhUhsHD
1536150139466	geckodriver::marionette	INFO	Starting browser /usr/bin/firefox
1536150139469	geckodriver::marionette	INFO	Connecting to Marionette on localhost:36409
1536150150092	addons.xpi	WARN	Add-on formautofill@mozilla.org is not compatible with application version.
1536150150094	addons.xpi	WARN	Add-on formautofill@mozilla.org is not compatible with application version.
1536150150130	addons.xpi	WARN	Add-on screenshots@mozilla.org is not compatible with application version.
1536150150132	addons.xpi	WARN	Add-on screenshots@mozilla.org is not compatible with application version.
1536150150152	addons.xpi	WARN	Add-on activity-stream@mozilla.org is not compatible with application version.
1536150150152	addons.xpi	WARN	Add-on activity-stream@mozilla.org is not compatible with application version.
1536150150158	addons.xpi	WARN	Add-on onboarding@mozilla.org is not compatible with application version.
1536150150158	addons.xpi	WARN	Add-on onboarding@mozilla.org is not compatible with application version.
1536150150184	addons.xpi	WARN	Error loading bootstrap.js for formautofill@mozilla.org: ReferenceError: ChromeUtils is not defined (resource://gre/modules/addons/XPIProvider.jsm -> jar:file:///usr/lib/firefox/browser/features/formautofill@mozilla.org.xpi!/bootstrap.js:12:1) JS Stack trace: @resource://gre/modules/addons/XPIProvider.jsm -> jar:file:///usr/lib/firefox/browser/features/formautofill@bootstrap.js:12:1 < @XPIProvider.jsm:4820:1 < this.XPIProvider.loadBootstrapScope@XPIProvider.jsm:4820:7 < this.XPIProvider.callBootstrapMethod@XPIProvider.jsm:4899:9 < processFileChanges@XPIProviderUtils.js:2130:13 < this.XPIProvider.checkForChanges@XPIProvider.jsm:3826:34 < this.XPIProvider.startup@XPIProvider.jsm:2830:25 < callProvider@AddonManager.jsm:237:12 < _startProvider@AddonManager.jsm:790:5 < AddonManagerInternal.startup@AddonManager.jsm:976:9 < this.AddonManagerPrivate.startup@AddonManager.jsm:3033:5 < amManager.prototype.observe@addonManager.js:65:9
1536150150194	addons.xpi	WARN	Error loading bootstrap.js for followonsearch@mozilla.com: ReferenceError: ChromeUtils is not defined (resource://gre/modules/addons/XPIProvider.jsm -> jar:file:///usr/lib/firefox/browser/features/followonsearch@mozilla.com.xpi!/bootstrap.js:9:1) JS Stack trace: @resource://gre/modules/addons/XPIProvider.jsm -> jar:file:///usr/lib/firefox/browser/features/followonsearch@bootstrap.js:9:1 < @XPIProvider.jsm:4820:1 < this.XPIProvider.loadBootstrapScope@XPIProvider.jsm:4820:7 < this.XPIProvider.callBootstrapMethod@XPIProvider.jsm:4899:9 < processFileChanges@XPIProviderUtils.js:2130:13 < this.XPIProvider.checkForChanges@XPIProvider.jsm:3826:34 < this.XPIProvider.startup@XPIProvider.jsm:2830:25 < callProvider@AddonManager.jsm:237:12 < _startProvider@AddonManager.jsm:790:5 < AddonManagerInternal.startup@AddonManager.jsm:976:9 < this.AddonManagerPrivate.startup@AddonManager.jsm:3033:5 < amManager.prototype.observe@addonManager.js:65:9
1536150150200	addons.xpi	WARN	Error loading bootstrap.js for screenshots@mozilla.org: ReferenceError: ChromeUtils is not defined (resource://gre/modules/addons/XPIProvider.jsm -> jar:file:///usr/lib/firefox/browser/features/screenshots@mozilla.org.xpi!/bootstrap.js:10:1) JS Stack trace: @resource://gre/modules/addons/XPIProvider.jsm -> jar:file:///usr/lib/firefox/browser/features/screenshots@bootstrap.js:10:1 < @XPIProvider.jsm:4820:1 < this.XPIProvider.loadBootstrapScope@XPIProvider.jsm:4820:7 < this.XPIProvider.callBootstrapMethod@XPIProvider.jsm:4899:9 < processFileChanges@XPIProviderUtils.js:2130:13 < this.XPIProvider.checkForChanges@XPIProvider.jsm:3826:34 < this.XPIProvider.startup@XPIProvider.jsm:2830:25 < callProvider@AddonManager.jsm:237:12 < _startProvider@AddonManager.jsm:790:5 < AddonManagerInternal.startup@AddonManager.jsm:976:9 < this.AddonManagerPrivate.startup@AddonManager.jsm:3033:5 < amManager.prototype.observe@addonManager.js:65:9
1536150150208	addons.xpi	WARN	Error loading bootstrap.js for activity-stream@mozilla.org: ReferenceError: ChromeUtils is not defined (resource://gre/modules/addons/XPIProvider.jsm -> jar:file:///usr/lib/firefox/browser/features/activity-stream@mozilla.org.xpi!/bootstrap.js:6:1) JS Stack trace: @resource://gre/modules/addons/XPIProvider.jsm -> jar:file:///usr/lib/firefox/browser/features/activity-stream@bootstrap.js:6:1 < @XPIProvider.jsm:4820:1 < this.XPIProvider.loadBootstrapScope@XPIProvider.jsm:4820:7 < this.XPIProvider.callBootstrapMethod@XPIProvider.jsm:4899:9 < processFileChanges@XPIProviderUtils.js:2130:13 < this.XPIProvider.checkForChanges@XPIProvider.jsm:3826:34 < this.XPIProvider.startup@XPIProvider.jsm:2830:25 < callProvider@AddonManager.jsm:237:12 < _startProvider@AddonManager.jsm:790:5 < AddonManagerInternal.startup@AddonManager.jsm:976:9 < this.AddonManagerPrivate.startup@AddonManager.jsm:3033:5 < amManager.prototype.observe@addonManager.js:65:9
1536150150210	addons.xpi	WARN	Add-on activity-stream@mozilla.org is missing bootstrap method install
1536150150214	addons.xpi	WARN	Error loading bootstrap.js for onboarding@mozilla.org: ReferenceError: ChromeUtils is not defined (resource://gre/modules/addons/XPIProvider.jsm -> jar:file:///usr/lib/firefox/browser/features/onboarding@mozilla.org.xpi!/bootstrap.js:8:1) JS Stack trace: @resource://gre/modules/addons/XPIProvider.jsm -> jar:file:///usr/lib/firefox/browser/features/onboarding@bootstrap.js:8:1 < @XPIProvider.jsm:4820:1 < this.XPIProvider.loadBootstrapScope@XPIProvider.jsm:4820:7 < this.XPIProvider.callBootstrapMethod@XPIProvider.jsm:4899:9 < processFileChanges@XPIProviderUtils.js:2130:13 < this.XPIProvider.checkForChanges@XPIProvider.jsm:3826:34 < this.XPIProvider.startup@XPIProvider.jsm:2830:25 < callProvider@AddonManager.jsm:237:12 < _startProvider@AddonManager.jsm:790:5 < AddonManagerInternal.startup@AddonManager.jsm:976:9 < this.AddonManagerPrivate.startup@AddonManager.jsm:3033:5 < amManager.prototype.observe@addonManager.js:65:9
1536150150232	addons.xpi	WARN	Exception running bootstrap method startup on followonsearch@mozilla.com: TypeError: cohortManager is undefined (resource://gre/modules/addons/XPIProvider.jsm -> jar:file:///usr/lib/firefox/browser/features/followonsearch@mozilla.com.xpi!/bootstrap.js:167:3) JS Stack trace: startup@resource://gre/modules/addons/XPIProvider.jsm -> jar:file:///usr/lib/firefox/browser/features/followonsearch@bootstrap.js:167:3 < this.XPIProvider.callBootstrapMethod@XPIProvider.jsm:4968:9 < this.XPIProvider.startup@XPIProvider.jsm:2885:13 < callProvider@AddonManager.jsm:237:12 < _startProvider@AddonManager.jsm:790:5 < AddonManagerInternal.startup@AddonManager.jsm:976:9 < this.AddonManagerPrivate.startup@AddonManager.jsm:3033:5 < amManager.prototype.observe@addonManager.js:65:9
1536150150574	Marionette	INFO	Listening on port 36409
1536150150902	Marionette	WARN	TLS certificate errors will be ignored for this session
console.error: 
  Message: Error: Source map at https://static.zhihu.com/heifetz/main.app.221f43a7d5167d8504f7.css.map not found or invalid
  Stack:
    StyleSheetActor<._fetchSourceMap/</map<@resource://gre/modules/commonjs/toolkit/loader.js -> resource://devtools/server/actors/stylesheets.js:557:27
Handler.prototype.process@resource://gre/modules/Promise.jsm -> resource://gre/modules/Promise-backend.js:932:23
this.PromiseWalker.walkerLoop@resource://gre/modules/Promise.jsm -> resource://gre/modules/Promise-backend.js:813:7
this.PromiseWalker.scheduleWalkerLoop/<@resource://gre/modules/Promise.jsm -> resource://gre/modules/Promise-backend.js:747:11

StyleSheetActor<._fetchSourceMap/</map<@resource://gre/modules/commonjs/toolkit/loader.js -> resource://devtools/server/actors/stylesheets.js:557:27
Handler.prototype.process@resource://gre/modules/Promise.jsm -> resource://gre/modules/Promise-backend.js:932:23
this.PromiseWalker.walkerLoop@resource://gre/modules/Promise.jsm -> resource://gre/modules/Promise-backend.js:813:7
this.PromiseWalker.scheduleWalkerLoop/<@resource://gre/modules/Promise.jsm -> resource://gre/modules/Promise-backend.js:747:11
console.error: 
  Protocol error (unknownError): Source map at https://static.zhihu.com/heifetz/main.app.221f43a7d5167d8504f7.css.map not found or invalid
1536150191592	geckodriver	INFO	Listening on 127.0.0.1:45158
1536150192591	mozprofile::profile	INFO	Using profile path /tmp/rust_mozprofile.831UDaWv0jcr
1536150192595	geckodriver::marionette	INFO	Starting browser /usr/bin/firefox
1536150192615	geckodriver::marionette	INFO	Connecting to Marionette on localhost:47461
1536150203258	addons.xpi	WARN	Add-on formautofill@mozilla.org is not compatible with application version.
1536150203260	addons.xpi	WARN	Add-on formautofill@mozilla.org is not compatible with application version.
1536150203294	addons.xpi	WARN	Add-on screenshots@mozilla.org is not compatible with application version.
1536150203294	addons.xpi	WARN	Add-on screenshots@mozilla.org is not compatible with application version.
1536150203314	addons.xpi	WARN	Add-on activity-stream@mozilla.org is not compatible with application version.
1536150203314	addons.xpi	WARN	Add-on activity-stream@mozilla.org is not compatible with application version.
1536150203320	addons.xpi	WARN	Add-on onboarding@mozilla.org is not compatible with application version.
1536150203322	addons.xpi	WARN	Add-on onboarding@mozilla.org is not compatible with application version.
1536150203346	addons.xpi	WARN	Error loading bootstrap.js for formautofill@mozilla.org: ReferenceError: ChromeUtils is not defined (resource://gre/modules/addons/XPIProvider.jsm -> jar:file:///usr/lib/firefox/browser/features/formautofill@mozilla.org.xpi!/bootstrap.js:12:1) JS Stack trace: @resource://gre/modules/addons/XPIProvider.jsm -> jar:file:///usr/lib/firefox/browser/features/formautofill@bootstrap.js:12:1 < @XPIProvider.jsm:4820:1 < this.XPIProvider.loadBootstrapScope@XPIProvider.jsm:4820:7 < this.XPIProvider.callBootstrapMethod@XPIProvider.jsm:4899:9 < processFileChanges@XPIProviderUtils.js:2130:13 < this.XPIProvider.checkForChanges@XPIProvider.jsm:3826:34 < this.XPIProvider.startup@XPIProvider.jsm:2830:25 < callProvider@AddonManager.jsm:237:12 < _startProvider@AddonManager.jsm:790:5 < AddonManagerInternal.startup@AddonManager.jsm:976:9 < this.AddonManagerPrivate.startup@AddonManager.jsm:3033:5 < amManager.prototype.observe@addonManager.js:65:9
1536150203358	addons.xpi	WARN	Error loading bootstrap.js for followonsearch@mozilla.com: ReferenceError: ChromeUtils is not defined (resource://gre/modules/addons/XPIProvider.jsm -> jar:file:///usr/lib/firefox/browser/features/followonsearch@mozilla.com.xpi!/bootstrap.js:9:1) JS Stack trace: @resource://gre/modules/addons/XPIProvider.jsm -> jar:file:///usr/lib/firefox/browser/features/followonsearch@bootstrap.js:9:1 < @XPIProvider.jsm:4820:1 < this.XPIProvider.loadBootstrapScope@XPIProvider.jsm:4820:7 < this.XPIProvider.callBootstrapMethod@XPIProvider.jsm:4899:9 < processFileChanges@XPIProviderUtils.js:2130:13 < this.XPIProvider.checkForChanges@XPIProvider.jsm:3826:34 < this.XPIProvider.startup@XPIProvider.jsm:2830:25 < callProvider@AddonManager.jsm:237:12 < _startProvider@AddonManager.jsm:790:5 < AddonManagerInternal.startup@AddonManager.jsm:976:9 < this.AddonManagerPrivate.startup@AddonManager.jsm:3033:5 < amManager.prototype.observe@addonManager.js:65:9
1536150203364	addons.xpi	WARN	Error loading bootstrap.js for screenshots@mozilla.org: ReferenceError: ChromeUtils is not defined (resource://gre/modules/addons/XPIProvider.jsm -> jar:file:///usr/lib/firefox/browser/features/screenshots@mozilla.org.xpi!/bootstrap.js:10:1) JS Stack trace: @resource://gre/modules/addons/XPIProvider.jsm -> jar:file:///usr/lib/firefox/browser/features/screenshots@bootstrap.js:10:1 < @XPIProvider.jsm:4820:1 < this.XPIProvider.loadBootstrapScope@XPIProvider.jsm:4820:7 < this.XPIProvider.callBootstrapMethod@XPIProvider.jsm:4899:9 < processFileChanges@XPIProviderUtils.js:2130:13 < this.XPIProvider.checkForChanges@XPIProvider.jsm:3826:34 < this.XPIProvider.startup@XPIProvider.jsm:2830:25 < callProvider@AddonManager.jsm:237:12 < _startProvider@AddonManager.jsm:790:5 < AddonManagerInternal.startup@AddonManager.jsm:976:9 < this.AddonManagerPrivate.startup@AddonManager.jsm:3033:5 < amManager.prototype.observe@addonManager.js:65:9
1536150203372	addons.xpi	WARN	Error loading bootstrap.js for activity-stream@mozilla.org: ReferenceError: ChromeUtils is not defined (resource://gre/modules/addons/XPIProvider.jsm -> jar:file:///usr/lib/firefox/browser/features/activity-stream@mozilla.org.xpi!/bootstrap.js:6:1) JS Stack trace: @resource://gre/modules/addons/XPIProvider.jsm -> jar:file:///usr/lib/firefox/browser/features/activity-stream@bootstrap.js:6:1 < @XPIProvider.jsm:4820:1 < this.XPIProvider.loadBootstrapScope@XPIProvider.jsm:4820:7 < this.XPIProvider.callBootstrapMethod@XPIProvider.jsm:4899:9 < processFileChanges@XPIProviderUtils.js:2130:13 < this.XPIProvider.checkForChanges@XPIProvider.jsm:3826:34 < this.XPIProvider.startup@XPIProvider.jsm:2830:25 < callProvider@AddonManager.jsm:237:12 < _startProvider@AddonManager.jsm:790:5 < AddonManagerInternal.startup@AddonManager.jsm:976:9 < this.AddonManagerPrivate.startup@AddonManager.jsm:3033:5 < amManager.prototype.observe@addonManager.js:65:9
1536150203372	addons.xpi	WARN	Add-on activity-stream@mozilla.org is missing bootstrap method install
1536150203376	addons.xpi	WARN	Error loading bootstrap.js for onboarding@mozilla.org: ReferenceError: ChromeUtils is not defined (resource://gre/modules/addons/XPIProvider.jsm -> jar:file:///usr/lib/firefox/browser/features/onboarding@mozilla.org.xpi!/bootstrap.js:8:1) JS Stack trace: @resource://gre/modules/addons/XPIProvider.jsm -> jar:file:///usr/lib/firefox/browser/features/onboarding@bootstrap.js:8:1 < @XPIProvider.jsm:4820:1 < this.XPIProvider.loadBootstrapScope@XPIProvider.jsm:4820:7 < this.XPIProvider.callBootstrapMethod@XPIProvider.jsm:4899:9 < processFileChanges@XPIProviderUtils.js:2130:13 < this.XPIProvider.checkForChanges@XPIProvider.jsm:3826:34 < this.XPIProvider.startup@XPIProvider.jsm:2830:25 < callProvider@AddonManager.jsm:237:12 < _startProvider@AddonManager.jsm:790:5 < AddonManagerInternal.startup@AddonManager.jsm:976:9 < this.AddonManagerPrivate.startup@AddonManager.jsm:3033:5 < amManager.prototype.observe@addonManager.js:65:9
1536150203394	addons.xpi	WARN	Exception running bootstrap method startup on followonsearch@mozilla.com: TypeError: cohortManager is undefined (resource://gre/modules/addons/XPIProvider.jsm -> jar:file:///usr/lib/firefox/browser/features/followonsearch@mozilla.com.xpi!/bootstrap.js:167:3) JS Stack trace: startup@resource://gre/modules/addons/XPIProvider.jsm -> jar:file:///usr/lib/firefox/browser/features/followonsearch@bootstrap.js:167:3 < this.XPIProvider.callBootstrapMethod@XPIProvider.jsm:4968:9 < this.XPIProvider.startup@XPIProvider.jsm:2885:13 < callProvider@AddonManager.jsm:237:12 < _startProvider@AddonManager.jsm:790:5 < AddonManagerInternal.startup@AddonManager.jsm:976:9 < this.AddonManagerPrivate.startup@AddonManager.jsm:3033:5 < amManager.prototype.observe@addonManager.js:65:9
1536150203710	Marionette	INFO	Listening on port 47461
1536150204078	Marionette	WARN	TLS certificate errors will be ignored for this session
1536150237631	geckodriver	INFO	Listening on 127.0.0.1:59867
1536150238631	mozprofile::profile	INFO	Using profile path /tmp/rust_mozprofile.fEoM2vPxLxrV
1536150238634	geckodriver::marionette	INFO	Starting browser /usr/bin/firefox
1536150238637	geckodriver::marionette	INFO	Connecting to Marionette on localhost:58375
1536150249278	addons.xpi	WARN	Add-on formautofill@mozilla.org is not compatible with application version.
1536150249280	addons.xpi	WARN	Add-on formautofill@mozilla.org is not compatible with application version.
1536150249320	addons.xpi	WARN	Add-on screenshots@mozilla.org is not compatible with application version.
1536150249320	addons.xpi	WARN	Add-on screenshots@mozilla.org is not compatible with application version.
1536150249342	addons.xpi	WARN	Add-on activity-stream@mozilla.org is not compatible with application version.
1536150249344	addons.xpi	WARN	Add-on activity-stream@mozilla.org is not compatible with application version.
1536150249350	addons.xpi	WARN	Add-on onboarding@mozilla.org is not compatible with application version.
1536150249352	addons.xpi	WARN	Add-on onboarding@mozilla.org is not compatible with application version.
1536150249384	addons.xpi	WARN	Error loading bootstrap.js for formautofill@mozilla.org: ReferenceError: ChromeUtils is not defined (resource://gre/modules/addons/XPIProvider.jsm -> jar:file:///usr/lib/firefox/browser/features/formautofill@mozilla.org.xpi!/bootstrap.js:12:1) JS Stack trace: @resource://gre/modules/addons/XPIProvider.jsm -> jar:file:///usr/lib/firefox/browser/features/formautofill@bootstrap.js:12:1 < @XPIProvider.jsm:4820:1 < this.XPIProvider.loadBootstrapScope@XPIProvider.jsm:4820:7 < this.XPIProvider.callBootstrapMethod@XPIProvider.jsm:4899:9 < processFileChanges@XPIProviderUtils.js:2130:13 < this.XPIProvider.checkForChanges@XPIProvider.jsm:3826:34 < this.XPIProvider.startup@XPIProvider.jsm:2830:25 < callProvider@AddonManager.jsm:237:12 < _startProvider@AddonManager.jsm:790:5 < AddonManagerInternal.startup@AddonManager.jsm:976:9 < this.AddonManagerPrivate.startup@AddonManager.jsm:3033:5 < amManager.prototype.observe@addonManager.js:65:9
1536150249398	addons.xpi	WARN	Error loading bootstrap.js for followonsearch@mozilla.com: ReferenceError: ChromeUtils is not defined (resource://gre/modules/addons/XPIProvider.jsm -> jar:file:///usr/lib/firefox/browser/features/followonsearch@mozilla.com.xpi!/bootstrap.js:9:1) JS Stack trace: @resource://gre/modules/addons/XPIProvider.jsm -> jar:file:///usr/lib/firefox/browser/features/followonsearch@bootstrap.js:9:1 < @XPIProvider.jsm:4820:1 < this.XPIProvider.loadBootstrapScope@XPIProvider.jsm:4820:7 < this.XPIProvider.callBootstrapMethod@XPIProvider.jsm:4899:9 < processFileChanges@XPIProviderUtils.js:2130:13 < this.XPIProvider.checkForChanges@XPIProvider.jsm:3826:34 < this.XPIProvider.startup@XPIProvider.jsm:2830:25 < callProvider@AddonManager.jsm:237:12 < _startProvider@AddonManager.jsm:790:5 < AddonManagerInternal.startup@AddonManager.jsm:976:9 < this.AddonManagerPrivate.startup@AddonManager.jsm:3033:5 < amManager.prototype.observe@addonManager.js:65:9
1536150249408	addons.xpi	WARN	Error loading bootstrap.js for screenshots@mozilla.org: ReferenceError: ChromeUtils is not defined (resource://gre/modules/addons/XPIProvider.jsm -> jar:file:///usr/lib/firefox/browser/features/screenshots@mozilla.org.xpi!/bootstrap.js:10:1) JS Stack trace: @resource://gre/modules/addons/XPIProvider.jsm -> jar:file:///usr/lib/firefox/browser/features/screenshots@bootstrap.js:10:1 < @XPIProvider.jsm:4820:1 < this.XPIProvider.loadBootstrapScope@XPIProvider.jsm:4820:7 < this.XPIProvider.callBootstrapMethod@XPIProvider.jsm:4899:9 < processFileChanges@XPIProviderUtils.js:2130:13 < this.XPIProvider.checkForChanges@XPIProvider.jsm:3826:34 < this.XPIProvider.startup@XPIProvider.jsm:2830:25 < callProvider@AddonManager.jsm:237:12 < _startProvider@AddonManager.jsm:790:5 < AddonManagerInternal.startup@AddonManager.jsm:976:9 < this.AddonManagerPrivate.startup@AddonManager.jsm:3033:5 < amManager.prototype.observe@addonManager.js:65:9
1536150249418	addons.xpi	WARN	Error loading bootstrap.js for activity-stream@mozilla.org: ReferenceError: ChromeUtils is not defined (resource://gre/modules/addons/XPIProvider.jsm -> jar:file:///usr/lib/firefox/browser/features/activity-stream@mozilla.org.xpi!/bootstrap.js:6:1) JS Stack trace: @resource://gre/modules/addons/XPIProvider.jsm -> jar:file:///usr/lib/firefox/browser/features/activity-stream@bootstrap.js:6:1 < @XPIProvider.jsm:4820:1 < this.XPIProvider.loadBootstrapScope@XPIProvider.jsm:4820:7 < this.XPIProvider.callBootstrapMethod@XPIProvider.jsm:4899:9 < processFileChanges@XPIProviderUtils.js:2130:13 < this.XPIProvider.checkForChanges@XPIProvider.jsm:3826:34 < this.XPIProvider.startup@XPIProvider.jsm:2830:25 < callProvider@AddonManager.jsm:237:12 < _startProvider@AddonManager.jsm:790:5 < AddonManagerInternal.startup@AddonManager.jsm:976:9 < this.AddonManagerPrivate.startup@AddonManager.jsm:3033:5 < amManager.prototype.observe@addonManager.js:65:9
1536150249418	addons.xpi	WARN	Add-on activity-stream@mozilla.org is missing bootstrap method install
1536150249424	addons.xpi	WARN	Error loading bootstrap.js for onboarding@mozilla.org: ReferenceError: ChromeUtils is not defined (resource://gre/modules/addons/XPIProvider.jsm -> jar:file:///usr/lib/firefox/browser/features/onboarding@mozilla.org.xpi!/bootstrap.js:8:1) JS Stack trace: @resource://gre/modules/addons/XPIProvider.jsm -> jar:file:///usr/lib/firefox/browser/features/onboarding@bootstrap.js:8:1 < @XPIProvider.jsm:4820:1 < this.XPIProvider.loadBootstrapScope@XPIProvider.jsm:4820:7 < this.XPIProvider.callBootstrapMethod@XPIProvider.jsm:4899:9 < processFileChanges@XPIProviderUtils.js:2130:13 < this.XPIProvider.checkForChanges@XPIProvider.jsm:3826:34 < this.XPIProvider.startup@XPIProvider.jsm:2830:25 < callProvider@AddonManager.jsm:237:12 < _startProvider@AddonManager.jsm:790:5 < AddonManagerInternal.startup@AddonManager.jsm:976:9 < this.AddonManagerPrivate.startup@AddonManager.jsm:3033:5 < amManager.prototype.observe@addonManager.js:65:9
1536150249446	addons.xpi	WARN	Exception running bootstrap method startup on followonsearch@mozilla.com: TypeError: cohortManager is undefined (resource://gre/modules/addons/XPIProvider.jsm -> jar:file:///usr/lib/firefox/browser/features/followonsearch@mozilla.com.xpi!/bootstrap.js:167:3) JS Stack trace: startup@resource://gre/modules/addons/XPIProvider.jsm -> jar:file:///usr/lib/firefox/browser/features/followonsearch@bootstrap.js:167:3 < this.XPIProvider.callBootstrapMethod@XPIProvider.jsm:4968:9 < this.XPIProvider.startup@XPIProvider.jsm:2885:13 < callProvider@AddonManager.jsm:237:12 < _startProvider@AddonManager.jsm:790:5 < AddonManagerInternal.startup@AddonManager.jsm:976:9 < this.AddonManagerPrivate.startup@AddonManager.jsm:3033:5 < amManager.prototype.observe@addonManager.js:65:9
1536150249800	Marionette	INFO	Listening on port 58375
1536150250162	Marionette	WARN	TLS certificate errors will be ignored for this session
JavaScript error: , line 0: uncaught exception: [object MediaError]
JavaScript error: , line 0: uncaught exception: [object MediaError]
JavaScript error: http://93.91p18.space/js/player_vjs5_10.js, line 69: TypeError: first is undefined
1536150356269	geckodriver	INFO	Listening on 127.0.0.1:47224
1536150357267	mozprofile::profile	INFO	Using profile path /tmp/rust_mozprofile.ZHkk3dJOakKD
1536150357269	geckodriver::marionette	INFO	Starting browser /usr/bin/firefox
1536150357272	geckodriver::marionette	INFO	Connecting to Marionette on localhost:55406
1536150367882	addons.xpi	WARN	Add-on formautofill@mozilla.org is not compatible with application version.
1536150367884	addons.xpi	WARN	Add-on formautofill@mozilla.org is not compatible with application version.
1536150367914	addons.xpi	WARN	Add-on screenshots@mozilla.org is not compatible with application version.
1536150367916	addons.xpi	WARN	Add-on screenshots@mozilla.org is not compatible with application version.
1536150367936	addons.xpi	WARN	Add-on activity-stream@mozilla.org is not compatible with application version.
1536150367938	addons.xpi	WARN	Add-on activity-stream@mozilla.org is not compatible with application version.
1536150367944	addons.xpi	WARN	Add-on onboarding@mozilla.org is not compatible with application version.
1536150367946	addons.xpi	WARN	Add-on onboarding@mozilla.org is not compatible with application version.
1536150367970	addons.xpi	WARN	Error loading bootstrap.js for formautofill@mozilla.org: ReferenceError: ChromeUtils is not defined (resource://gre/modules/addons/XPIProvider.jsm -> jar:file:///usr/lib/firefox/browser/features/formautofill@mozilla.org.xpi!/bootstrap.js:12:1) JS Stack trace: @resource://gre/modules/addons/XPIProvider.jsm -> jar:file:///usr/lib/firefox/browser/features/formautofill@bootstrap.js:12:1 < @XPIProvider.jsm:4820:1 < this.XPIProvider.loadBootstrapScope@XPIProvider.jsm:4820:7 < this.XPIProvider.callBootstrapMethod@XPIProvider.jsm:4899:9 < processFileChanges@XPIProviderUtils.js:2130:13 < this.XPIProvider.checkForChanges@XPIProvider.jsm:3826:34 < this.XPIProvider.startup@XPIProvider.jsm:2830:25 < callProvider@AddonManager.jsm:237:12 < _startProvider@AddonManager.jsm:790:5 < AddonManagerInternal.startup@AddonManager.jsm:976:9 < this.AddonManagerPrivate.startup@AddonManager.jsm:3033:5 < amManager.prototype.observe@addonManager.js:65:9
1536150367982	addons.xpi	WARN	Error loading bootstrap.js for followonsearch@mozilla.com: ReferenceError: ChromeUtils is not defined (resource://gre/modules/addons/XPIProvider.jsm -> jar:file:///usr/lib/firefox/browser/features/followonsearch@mozilla.com.xpi!/bootstrap.js:9:1) JS Stack trace: @resource://gre/modules/addons/XPIProvider.jsm -> jar:file:///usr/lib/firefox/browser/features/followonsearch@bootstrap.js:9:1 < @XPIProvider.jsm:4820:1 < this.XPIProvider.loadBootstrapScope@XPIProvider.jsm:4820:7 < this.XPIProvider.callBootstrapMethod@XPIProvider.jsm:4899:9 < processFileChanges@XPIProviderUtils.js:2130:13 < this.XPIProvider.checkForChanges@XPIProvider.jsm:3826:34 < this.XPIProvider.startup@XPIProvider.jsm:2830:25 < callProvider@AddonManager.jsm:237:12 < _startProvider@AddonManager.jsm:790:5 < AddonManagerInternal.startup@AddonManager.jsm:976:9 < this.AddonManagerPrivate.startup@AddonManager.jsm:3033:5 < amManager.prototype.observe@addonManager.js:65:9
1536150367988	addons.xpi	WARN	Error loading bootstrap.js for screenshots@mozilla.org: ReferenceError: ChromeUtils is not defined (resource://gre/modules/addons/XPIProvider.jsm -> jar:file:///usr/lib/firefox/browser/features/screenshots@mozilla.org.xpi!/bootstrap.js:10:1) JS Stack trace: @resource://gre/modules/addons/XPIProvider.jsm -> jar:file:///usr/lib/firefox/browser/features/screenshots@bootstrap.js:10:1 < @XPIProvider.jsm:4820:1 < this.XPIProvider.loadBootstrapScope@XPIProvider.jsm:4820:7 < this.XPIProvider.callBootstrapMethod@XPIProvider.jsm:4899:9 < processFileChanges@XPIProviderUtils.js:2130:13 < this.XPIProvider.checkForChanges@XPIProvider.jsm:3826:34 < this.XPIProvider.startup@XPIProvider.jsm:2830:25 < callProvider@AddonManager.jsm:237:12 < _startProvider@AddonManager.jsm:790:5 < AddonManagerInternal.startup@AddonManager.jsm:976:9 < this.AddonManagerPrivate.startup@AddonManager.jsm:3033:5 < amManager.prototype.observe@addonManager.js:65:9
1536150367996	addons.xpi	WARN	Error loading bootstrap.js for activity-stream@mozilla.org: ReferenceError: ChromeUtils is not defined (resource://gre/modules/addons/XPIProvider.jsm -> jar:file:///usr/lib/firefox/browser/features/activity-stream@mozilla.org.xpi!/bootstrap.js:6:1) JS Stack trace: @resource://gre/modules/addons/XPIProvider.jsm -> jar:file:///usr/lib/firefox/browser/features/activity-stream@bootstrap.js:6:1 < @XPIProvider.jsm:4820:1 < this.XPIProvider.loadBootstrapScope@XPIProvider.jsm:4820:7 < this.XPIProvider.callBootstrapMethod@XPIProvider.jsm:4899:9 < processFileChanges@XPIProviderUtils.js:2130:13 < this.XPIProvider.checkForChanges@XPIProvider.jsm:3826:34 < this.XPIProvider.startup@XPIProvider.jsm:2830:25 < callProvider@AddonManager.jsm:237:12 < _startProvider@AddonManager.jsm:790:5 < AddonManagerInternal.startup@AddonManager.jsm:976:9 < this.AddonManagerPrivate.startup@AddonManager.jsm:3033:5 < amManager.prototype.observe@addonManager.js:65:9
1536150367996	addons.xpi	WARN	Add-on activity-stream@mozilla.org is missing bootstrap method install
1536150368000	addons.xpi	WARN	Error loading bootstrap.js for onboarding@mozilla.org: ReferenceError: ChromeUtils is not defined (resource://gre/modules/addons/XPIProvider.jsm -> jar:file:///usr/lib/firefox/browser/features/onboarding@mozilla.org.xpi!/bootstrap.js:8:1) JS Stack trace: @resource://gre/modules/addons/XPIProvider.jsm -> jar:file:///usr/lib/firefox/browser/features/onboarding@bootstrap.js:8:1 < @XPIProvider.jsm:4820:1 < this.XPIProvider.loadBootstrapScope@XPIProvider.jsm:4820:7 < this.XPIProvider.callBootstrapMethod@XPIProvider.jsm:4899:9 < processFileChanges@XPIProviderUtils.js:2130:13 < this.XPIProvider.checkForChanges@XPIProvider.jsm:3826:34 < this.XPIProvider.startup@XPIProvider.jsm:2830:25 < callProvider@AddonManager.jsm:237:12 < _startProvider@AddonManager.jsm:790:5 < AddonManagerInternal.startup@AddonManager.jsm:976:9 < this.AddonManagerPrivate.startup@AddonManager.jsm:3033:5 < amManager.prototype.observe@addonManager.js:65:9
1536150368020	addons.xpi	WARN	Exception running bootstrap method startup on followonsearch@mozilla.com: TypeError: cohortManager is undefined (resource://gre/modules/addons/XPIProvider.jsm -> jar:file:///usr/lib/firefox/browser/features/followonsearch@mozilla.com.xpi!/bootstrap.js:167:3) JS Stack trace: startup@resource://gre/modules/addons/XPIProvider.jsm -> jar:file:///usr/lib/firefox/browser/features/followonsearch@bootstrap.js:167:3 < this.XPIProvider.callBootstrapMethod@XPIProvider.jsm:4968:9 < this.XPIProvider.startup@XPIProvider.jsm:2885:13 < callProvider@AddonManager.jsm:237:12 < _startProvider@AddonManager.jsm:790:5 < AddonManagerInternal.startup@AddonManager.jsm:976:9 < this.AddonManagerPrivate.startup@AddonManager.jsm:3033:5 < amManager.prototype.observe@addonManager.js:65:9
1536150368328	Marionette	INFO	Listening on port 55406
1536150368734	Marionette	WARN	TLS certificate errors will be ignored for this session
JavaScript error: http://93.91p18.space/js/jquery.cookie.js, line 22: ReferenceError: jQuery is not defined
JavaScript error: http://93.91p18.space/js/overHang.min5.js, line 5: ReferenceError: $ is not defined
JavaScript error: http://93.91p18.space/index.php, line 41: ReferenceError: $ is not defined
